WARNING:__main__:
*****************************************
Setting OMP_NUM_THREADS environment variable for each process to be 1 in default, to avoid your system being overloaded, please further tune the variable for optimal performance in your application as needed. 
*****************************************
{'train_file': '/root/P9D/train_500.json', 'test_file': '/root/P9D/test_500.json', 'query_file': '/root/P9D/test_500.json', 'gallery_file': '/root/P9D/test_500.json', 'train_image_root': '/root/P9D/train', 'test_image_root': '/root/P9D/test', 'gallery_image_root': '/root/P9D/test', 'vit': 'base', 'vit_grad_ckpt': False, 'vit_ckpt_layer': 0, 'image_size': 224, 'batch_size_train': 64, 'batch_size_test': 64, 'weight_decay': 0.05, 'init_lr': 3e-05, 'min_lr': 1e-06, 'k_test': 10, 'max_words': 30, 'window_size': 50, 'max_epoch': 100, 'task': ['食品/保健', '家居用品'], 'base_mode': 'seqF'}
{'train_file': '/root/P9D/train_500.json', 'test_file': '/root/P9D/test_500.json', 'query_file': '/root/P9D/test_500.json', 'gallery_file': '/root/P9D/test_500.json', 'train_image_root': '/root/P9D/train', 'test_image_root': '/root/P9D/test', 'gallery_image_root': '/root/P9D/test', 'vit': 'base', 'vit_grad_ckpt': False, 'vit_ckpt_layer': 0, 'image_size': 224, 'batch_size_train': 64, 'batch_size_test': 64, 'weight_decay': 0.05, 'init_lr': 3e-05, 'min_lr': 1e-06, 'k_test': 10, 'max_words': 30, 'window_size': 50, 'max_epoch': 100, 'task': ['食品/保健', '家居用品'], 'base_mode': 'seqF'}
| distributed init (rank 0, word 3): env://
| distributed init (rank 2, word 3): env://
{'train_file': '/root/P9D/train_500.json', 'test_file': '/root/P9D/test_500.json', 'query_file': '/root/P9D/test_500.json', 'gallery_file': '/root/P9D/test_500.json', 'train_image_root': '/root/P9D/train', 'test_image_root': '/root/P9D/test', 'gallery_image_root': '/root/P9D/test', 'vit': 'base', 'vit_grad_ckpt': False, 'vit_ckpt_layer': 0, 'image_size': 224, 'batch_size_train': 64, 'batch_size_test': 64, 'weight_decay': 0.05, 'init_lr': 3e-05, 'min_lr': 1e-06, 'k_test': 10, 'max_words': 30, 'window_size': 50, 'max_epoch': 100, 'task': ['食品/保健', '家居用品'], 'base_mode': 'seqF'}
| distributed init (rank 1, word 3): env://
loading /root/P9D/train_500.json
717
Creating model
Start training
train task 0 : 食品/保健
Creating dataset
Total Pairs: 240
Total Paire: 24
number of training samples: 240
number of testing samples: 24
loading /root/P9D/test_500.json
Total Paire: 24
loading /root/P9D/test_500.json
Total Paire: 24
***** Running training *****
Num iters = 1,  Batch size = 64
now init_lr 3e-05, now init_lr 1e-06
Train Epoch: [0]  [0/1]  eta: 0:00:05  lr: 0.000030  loss: 8.7210  loss_ita: 4.3223  loss_mlm: 4.3987  time: 5.2041  data: 1.6661  max mem: 13270
Train Epoch: [0] Total time: 0:00:05 (5.3330 s / it)
Averaged stats: lr: 0.0000  loss: 8.1114  loss_ita: 4.3327  loss_mlm: 3.7787
Computing features for evaluation...
Evaluation:  [0/9]  eta: 0:00:00    time: 0.0016  data: 0.0002  max mem: 13270
Evaluation:  [8/9]  eta: 0:00:00    time: 0.0002  data: 0.0000  max mem: 13270
Evaluation: Total time: 0:00:00 (0.0004 s / it)
Evaluation:  [0/9]  eta: 0:00:00    time: 0.0002  data: 0.0001  max mem: 13270
Evaluation:  [8/9]  eta: 0:00:00    time: 0.0001  data: 0.0000  max mem: 13270
Evaluation: Total time: 0:00:00 (0.0002 s / it)
Evaluation time 0:00:01
task0 tr/ir0.00/0.00, task1 tr/ir0.00/8.70
{'txt_r1': 0.0, 'txt_r5': 16.666666666666668, 'txt_r10': 50.0, 'txt_r_mean': 22.222222222222225, 'img_r1': 8.333333333333334, 'img_r5': 20.833333333333332, 'img_r10': 41.666666666666664, 'img_r_mean': 23.61111111111111, 'r_mean': 22.916666666666668}
0.00, 8.33, 4.17, 22.92
Train Epoch: [1]  [0/1]  eta: 0:00:03  lr: 0.000030  loss: 8.3033  loss_ita: 4.3204  loss_mlm: 3.9829  time: 3.7829  data: 1.5290  max mem: 15624
Train Epoch: [1] Total time: 0:00:03 (3.8770 s / it)
Averaged stats: lr: 0.0000  loss: 8.4769  loss_ita: 4.3141  loss_mlm: 4.1627
Computing features for evaluation...
Evaluation:  [0/9]  eta: 0:00:00    time: 0.0003  data: 0.0001  max mem: 15624
Evaluation:  [8/9]  eta: 0:00:00    time: 0.0001  data: 0.0000  max mem: 15624
Evaluation: Total time: 0:00:00 (0.0003 s / it)
Evaluation:  [0/9]  eta: 0:00:00    time: 0.0002  data: 0.0001  max mem: 15624
Evaluation:  [8/9]  eta: 0:00:00    time: 0.0001  data: 0.0000  max mem: 15624
Evaluation: Total time: 0:00:00 (0.0002 s / it)
Evaluation time 0:00:01
task0 tr/ir0.00/0.00, task1 tr/ir0.00/8.70
{'txt_r1': 0.0, 'txt_r5': 12.5, 'txt_r10': 50.0, 'txt_r_mean': 20.833333333333332, 'img_r1': 8.333333333333334, 'img_r5': 20.833333333333332, 'img_r10': 37.5, 'img_r_mean': 22.222222222222218, 'r_mean': 21.527777777777775}
0.00, 8.33, 4.17, 21.53
Train Epoch: [2]  [0/1]  eta: 0:00:03  lr: 0.000030  loss: 8.0551  loss_ita: 4.2585  loss_mlm: 3.7967  time: 3.9211  data: 1.9884  max mem: 15624
Train Epoch: [2] Total time: 0:00:04 (4.0114 s / it)
Averaged stats: lr: 0.0000  loss: 8.0390  loss_ita: 4.2349  loss_mlm: 3.8041
Computing features for evaluation...
Evaluation:  [0/9]  eta: 0:00:00    time: 0.0003  data: 0.0001  max mem: 15624
Evaluation:  [8/9]  eta: 0:00:00    time: 0.0001  data: 0.0000  max mem: 15624
Evaluation: Total time: 0:00:00 (0.0002 s / it)
Evaluation:  [0/9]  eta: 0:00:00    time: 0.0002  data: 0.0000  max mem: 15624
Evaluation:  [8/9]  eta: 0:00:00    time: 0.0001  data: 0.0000  max mem: 15624
Evaluation: Total time: 0:00:00 (0.0002 s / it)
Evaluation time 0:00:01
task0 tr/ir0.00/0.00, task1 tr/ir4.35/8.70
{'txt_r1': 4.166666666666667, 'txt_r5': 12.5, 'txt_r10': 45.833333333333336, 'txt_r_mean': 20.833333333333332, 'img_r1': 8.333333333333334, 'img_r5': 20.833333333333332, 'img_r10': 37.5, 'img_r_mean': 22.222222222222218, 'r_mean': 21.527777777777775}
4.17, 8.33, 6.25, 21.53
Train Epoch: [3]  [0/1]  eta: 0:00:03  lr: 0.000030  loss: 7.5620  loss_ita: 4.1685  loss_mlm: 3.3935  time: 3.5628  data: 1.5061  max mem: 15624
Train Epoch: [3] Total time: 0:00:03 (3.6535 s / it)
Averaged stats: lr: 0.0000  loss: 7.7193  loss_ita: 4.2201  loss_mlm: 3.4993
Computing features for evaluation...
Evaluation:  [0/9]  eta: 0:00:00    time: 0.0003  data: 0.0001  max mem: 15624
Evaluation:  [8/9]  eta: 0:00:00    time: 0.0001  data: 0.0000  max mem: 15624
Evaluation: Total time: 0:00:00 (0.0003 s / it)
Evaluation:  [0/9]  eta: 0:00:00    time: 0.0002  data: 0.0001  max mem: 15624
Evaluation:  [8/9]  eta: 0:00:00    time: 0.0001  data: 0.0000  max mem: 15624
Evaluation: Total time: 0:00:00 (0.0002 s / it)
Evaluation time 0:00:01
task0 tr/ir0.00/0.00, task1 tr/ir4.35/8.70
{'txt_r1': 4.166666666666667, 'txt_r5': 12.5, 'txt_r10': 50.0, 'txt_r_mean': 22.222222222222225, 'img_r1': 8.333333333333334, 'img_r5': 20.833333333333332, 'img_r10': 41.666666666666664, 'img_r_mean': 23.61111111111111, 'r_mean': 22.916666666666668}
4.17, 8.33, 6.25, 22.92
Train Epoch: [4]  [0/1]  eta: 0:00:03  lr: 0.000030  loss: 7.5177  loss_ita: 4.2116  loss_mlm: 3.3062  time: 3.7959  data: 1.5993  max mem: 15624
Train Epoch: [4] Total time: 0:00:03 (3.8799 s / it)
Averaged stats: lr: 0.0000  loss: 7.5218  loss_ita: 4.1742  loss_mlm: 3.3476
Computing features for evaluation...
Evaluation:  [0/9]  eta: 0:00:00    time: 0.0003  data: 0.0001  max mem: 15624
Evaluation:  [8/9]  eta: 0:00:00    time: 0.0001  data: 0.0000  max mem: 15624
Evaluation: Total time: 0:00:00 (0.0003 s / it)
Evaluation:  [0/9]  eta: 0:00:00    time: 0.0002  data: 0.0001  max mem: 15624
Evaluation:  [8/9]  eta: 0:00:00    time: 0.0001  data: 0.0000  max mem: 15624
Evaluation: Total time: 0:00:00 (0.0002 s / it)
Evaluation time 0:00:01
task0 tr/ir0.00/0.00, task1 tr/ir8.70/8.70
{'txt_r1': 8.333333333333334, 'txt_r5': 16.666666666666668, 'txt_r10': 54.166666666666664, 'txt_r_mean': 26.388888888888886, 'img_r1': 8.333333333333334, 'img_r5': 20.833333333333332, 'img_r10': 45.833333333333336, 'img_r_mean': 25.0, 'r_mean': 25.694444444444443}
8.33, 8.33, 8.33, 25.69
Train Epoch: [5]  [0/1]  eta: 0:00:04  lr: 0.000030  loss: 7.6482  loss_ita: 4.1530  loss_mlm: 3.4952  time: 4.0161  data: 2.0755  max mem: 15624
Train Epoch: [5] Total time: 0:00:04 (4.1132 s / it)
Averaged stats: lr: 0.0000  loss: 7.6335  loss_ita: 4.1601  loss_mlm: 3.4734
Computing features for evaluation...
Evaluation:  [0/9]  eta: 0:00:00    time: 0.0004  data: 0.0001  max mem: 15624
Evaluation:  [8/9]  eta: 0:00:00    time: 0.0001  data: 0.0000  max mem: 15624
Evaluation: Total time: 0:00:00 (0.0003 s / it)
Evaluation:  [0/9]  eta: 0:00:00    time: 0.0002  data: 0.0001  max mem: 15624
Evaluation:  [8/9]  eta: 0:00:00    time: 0.0001  data: 0.0000  max mem: 15624
Evaluation: Total time: 0:00:00 (0.0003 s / it)
Evaluation time 0:00:01
task0 tr/ir0.00/0.00, task1 tr/ir8.70/8.70
{'txt_r1': 8.333333333333334, 'txt_r5': 16.666666666666668, 'txt_r10': 50.0, 'txt_r_mean': 25.0, 'img_r1': 8.333333333333334, 'img_r5': 20.833333333333332, 'img_r10': 50.0, 'img_r_mean': 26.388888888888886, 'r_mean': 25.694444444444443}
8.33, 8.33, 8.33, 25.69
Train Epoch: [6]  [0/1]  eta: 0:00:03  lr: 0.000030  loss: 7.7004  loss_ita: 4.1754  loss_mlm: 3.5251  time: 3.7698  data: 1.8361  max mem: 15624
Train Epoch: [6] Total time: 0:00:03 (3.8713 s / it)
Averaged stats: lr: 0.0000  loss: 7.2723  loss_ita: 4.1431  loss_mlm: 3.1293
Computing features for evaluation...
Evaluation:  [0/9]  eta: 0:00:00    time: 0.0003  data: 0.0001  max mem: 15624
Evaluation:  [8/9]  eta: 0:00:00    time: 0.0001  data: 0.0000  max mem: 15624
Evaluation: Total time: 0:00:00 (0.0003 s / it)
Evaluation:  [0/9]  eta: 0:00:00    time: 0.0002  data: 0.0000  max mem: 15624
Evaluation:  [8/9]  eta: 0:00:00    time: 0.0001  data: 0.0000  max mem: 15624
Evaluation: Total time: 0:00:00 (0.0002 s / it)
Evaluation time 0:00:01
task0 tr/ir0.00/0.00, task1 tr/ir4.35/8.70
{'txt_r1': 4.166666666666667, 'txt_r5': 25.0, 'txt_r10': 45.833333333333336, 'txt_r_mean': 25.0, 'img_r1': 8.333333333333334, 'img_r5': 20.833333333333332, 'img_r10': 45.833333333333336, 'img_r_mean': 25.0, 'r_mean': 25.0}
4.17, 8.33, 6.25, 25.00
Train Epoch: [7]  [0/1]  eta: 0:00:03  lr: 0.000030  loss: 7.8430  loss_ita: 4.1342  loss_mlm: 3.7089  time: 3.8440  data: 1.8545  max mem: 15624
Train Epoch: [7] Total time: 0:00:03 (3.9203 s / it)
Averaged stats: lr: 0.0000  loss: 7.5251  loss_ita: 4.1372  loss_mlm: 3.3879
Computing features for evaluation...
Evaluation:  [0/9]  eta: 0:00:00    time: 0.0004  data: 0.0002  max mem: 15624
Evaluation:  [8/9]  eta: 0:00:00    time: 0.0001  data: 0.0000  max mem: 15624
Evaluation: Total time: 0:00:00 (0.0003 s / it)
Evaluation:  [0/9]  eta: 0:00:00    time: 0.0002  data: 0.0001  max mem: 15624
Evaluation:  [8/9]  eta: 0:00:00    time: 0.0001  data: 0.0000  max mem: 15624
Evaluation: Total time: 0:00:00 (0.0002 s / it)
Evaluation time 0:00:01
task0 tr/ir0.00/0.00, task1 tr/ir4.35/8.70
{'txt_r1': 4.166666666666667, 'txt_r5': 25.0, 'txt_r10': 45.833333333333336, 'txt_r_mean': 25.0, 'img_r1': 8.333333333333334, 'img_r5': 25.0, 'img_r10': 45.833333333333336, 'img_r_mean': 26.38888888888889, 'r_mean': 25.694444444444443}
4.17, 8.33, 6.25, 25.69
Train Epoch: [8]  [0/1]  eta: 0:00:03  lr: 0.000030  loss: 7.3546  loss_ita: 4.0814  loss_mlm: 3.2732  time: 3.8441  data: 1.8003  max mem: 15624
Train Epoch: [8] Total time: 0:00:03 (3.9199 s / it)
Averaged stats: lr: 0.0000  loss: 7.3583  loss_ita: 4.0980  loss_mlm: 3.2603
Computing features for evaluation...
Evaluation:  [0/9]  eta: 0:00:00    time: 0.0003  data: 0.0001  max mem: 15624
Evaluation:  [8/9]  eta: 0:00:00    time: 0.0001  data: 0.0000  max mem: 15624
Evaluation: Total time: 0:00:00 (0.0003 s / it)
Evaluation:  [0/9]  eta: 0:00:00    time: 0.0002  data: 0.0001  max mem: 15624
Evaluation:  [8/9]  eta: 0:00:00    time: 0.0001  data: 0.0000  max mem: 15624
Evaluation: Total time: 0:00:00 (0.0002 s / it)
Evaluation time 0:00:01
task0 tr/ir0.00/0.00, task1 tr/ir4.35/4.35
{'txt_r1': 4.166666666666667, 'txt_r5': 29.166666666666668, 'txt_r10': 41.666666666666664, 'txt_r_mean': 25.0, 'img_r1': 4.166666666666667, 'img_r5': 25.0, 'img_r10': 50.0, 'img_r_mean': 26.38888888888889, 'r_mean': 25.694444444444443}
4.17, 4.17, 4.17, 25.69
Train Epoch: [9]  [0/1]  eta: 0:00:03  lr: 0.000029  loss: 7.6174  loss_ita: 4.0815  loss_mlm: 3.5359  time: 3.6005  data: 1.6650  max mem: 15624
Train Epoch: [9] Total time: 0:00:03 (3.7061 s / it)
Averaged stats: lr: 0.0000  loss: 7.4371  loss_ita: 4.0789  loss_mlm: 3.3582
Computing features for evaluation...
Evaluation:  [0/9]  eta: 0:00:00    time: 0.0003  data: 0.0001  max mem: 15624
Evaluation:  [8/9]  eta: 0:00:00    time: 0.0001  data: 0.0000  max mem: 15624
Evaluation: Total time: 0:00:00 (0.0002 s / it)
Evaluation:  [0/9]  eta: 0:00:00    time: 0.0002  data: 0.0001  max mem: 15624
Evaluation:  [8/9]  eta: 0:00:00    time: 0.0001  data: 0.0000  max mem: 15624
Evaluation: Total time: 0:00:00 (0.0002 s / it)
Evaluation time 0:00:01
task0 tr/ir0.00/0.00, task1 tr/ir4.35/4.35
{'txt_r1': 4.166666666666667, 'txt_r5': 33.333333333333336, 'txt_r10': 37.5, 'txt_r_mean': 25.0, 'img_r1': 4.166666666666667, 'img_r5': 20.833333333333332, 'img_r10': 45.833333333333336, 'img_r_mean': 23.611111111111114, 'r_mean': 24.305555555555557}
4.17, 4.17, 4.17, 24.31
Train Epoch: [10]  [0/1]  eta: 0:00:03  lr: 0.000029  loss: 7.2494  loss_ita: 4.0843  loss_mlm: 3.1651  time: 3.8637  data: 1.5585  max mem: 15624
Train Epoch: [10] Total time: 0:00:03 (3.9528 s / it)
Averaged stats: lr: 0.0000  loss: 7.2522  loss_ita: 4.0674  loss_mlm: 3.1848
Computing features for evaluation...
Evaluation:  [0/9]  eta: 0:00:00    time: 0.0005  data: 0.0002  max mem: 15624
Evaluation:  [8/9]  eta: 0:00:00    time: 0.0002  data: 0.0000  max mem: 15624
Evaluation: Total time: 0:00:00 (0.0005 s / it)
Evaluation:  [0/9]  eta: 0:00:00    time: 0.0003  data: 0.0001  max mem: 15624
Evaluation:  [8/9]  eta: 0:00:00    time: 0.0002  data: 0.0000  max mem: 15624
Evaluation: Total time: 0:00:00 (0.0004 s / it)
Evaluation time 0:00:01
task0 tr/ir0.00/0.00, task1 tr/ir4.35/4.35
{'txt_r1': 4.166666666666667, 'txt_r5': 33.333333333333336, 'txt_r10': 37.5, 'txt_r_mean': 25.0, 'img_r1': 4.166666666666667, 'img_r5': 20.833333333333332, 'img_r10': 45.833333333333336, 'img_r_mean': 23.611111111111114, 'r_mean': 24.305555555555557}
4.17, 4.17, 4.17, 24.31
Train Epoch: [11]  [0/1]  eta: 0:00:03  lr: 0.000029  loss: 6.9965  loss_ita: 4.0746  loss_mlm: 2.9218  time: 3.8240  data: 1.8866  max mem: 15624
Train Epoch: [11] Total time: 0:00:03 (3.9146 s / it)
Averaged stats: lr: 0.0000  loss: 7.0474  loss_ita: 4.0561  loss_mlm: 2.9913
Computing features for evaluation...
Evaluation:  [0/9]  eta: 0:00:00    time: 0.0003  data: 0.0002  max mem: 15624
Evaluation:  [8/9]  eta: 0:00:00    time: 0.0001  data: 0.0000  max mem: 15624
Evaluation: Total time: 0:00:00 (0.0003 s / it)
Evaluation:  [0/9]  eta: 0:00:00    time: 0.0002  data: 0.0001  max mem: 15624
Evaluation:  [8/9]  eta: 0:00:00    time: 0.0001  data: 0.0000  max mem: 15624
Evaluation: Total time: 0:00:00 (0.0003 s / it)
Evaluation time 0:00:01
task0 tr/ir0.00/0.00, task1 tr/ir4.35/4.35
{'txt_r1': 4.166666666666667, 'txt_r5': 29.166666666666668, 'txt_r10': 41.666666666666664, 'txt_r_mean': 25.0, 'img_r1': 4.166666666666667, 'img_r5': 20.833333333333332, 'img_r10': 45.833333333333336, 'img_r_mean': 23.611111111111114, 'r_mean': 24.305555555555557}
4.17, 4.17, 4.17, 24.31
Train Epoch: [12]  [0/1]  eta: 0:00:03  lr: 0.000029  loss: 6.7889  loss_ita: 3.9524  loss_mlm: 2.8366  time: 3.6719  data: 1.6289  max mem: 15624
Train Epoch: [12] Total time: 0:00:03 (3.7529 s / it)
Averaged stats: lr: 0.0000  loss: 6.7763  loss_ita: 3.9936  loss_mlm: 2.7827
Computing features for evaluation...
Evaluation:  [0/9]  eta: 0:00:00    time: 0.0003  data: 0.0001  max mem: 15624
Evaluation:  [8/9]  eta: 0:00:00    time: 0.0001  data: 0.0000  max mem: 15624
Evaluation: Total time: 0:00:00 (0.0003 s / it)
Evaluation:  [0/9]  eta: 0:00:00    time: 0.0002  data: 0.0001  max mem: 15624
Evaluation:  [8/9]  eta: 0:00:00    time: 0.0001  data: 0.0000  max mem: 15624
Evaluation: Total time: 0:00:00 (0.0003 s / it)
Evaluation time 0:00:01
task0 tr/ir0.00/0.00, task1 tr/ir4.35/4.35
{'txt_r1': 4.166666666666667, 'txt_r5': 25.0, 'txt_r10': 41.666666666666664, 'txt_r_mean': 23.61111111111111, 'img_r1': 4.166666666666667, 'img_r5': 20.833333333333332, 'img_r10': 50.0, 'img_r_mean': 25.0, 'r_mean': 24.305555555555557}
4.17, 4.17, 4.17, 24.31
Train Epoch: [13]  [0/1]  eta: 0:00:03  lr: 0.000029  loss: 6.8310  loss_ita: 3.9789  loss_mlm: 2.8521  time: 3.8235  data: 1.8822  max mem: 15624
Train Epoch: [13] Total time: 0:00:03 (3.9378 s / it)
Averaged stats: lr: 0.0000  loss: 7.0480  loss_ita: 3.9600  loss_mlm: 3.0880
Computing features for evaluation...
Evaluation:  [0/9]  eta: 0:00:00    time: 0.0004  data: 0.0001  max mem: 15624
Evaluation:  [8/9]  eta: 0:00:00    time: 0.0001  data: 0.0000  max mem: 15624
Evaluation: Total time: 0:00:00 (0.0003 s / it)
Evaluation:  [0/9]  eta: 0:00:00    time: 0.0002  data: 0.0001  max mem: 15624
Evaluation:  [8/9]  eta: 0:00:00    time: 0.0001  data: 0.0000  max mem: 15624
Evaluation: Total time: 0:00:00 (0.0003 s / it)
Evaluation time 0:00:01
task0 tr/ir0.00/0.00, task1 tr/ir4.35/4.35
{'txt_r1': 4.166666666666667, 'txt_r5': 20.833333333333332, 'txt_r10': 37.5, 'txt_r_mean': 20.833333333333332, 'img_r1': 4.166666666666667, 'img_r5': 20.833333333333332, 'img_r10': 50.0, 'img_r_mean': 25.0, 'r_mean': 22.916666666666664}
4.17, 4.17, 4.17, 22.92
Train Epoch: [14]  [0/1]  eta: 0:00:03  lr: 0.000029  loss: 6.8883  loss_ita: 3.9484  loss_mlm: 2.9399  time: 3.5670  data: 1.6048  max mem: 15624
Train Epoch: [14] Total time: 0:00:03 (3.6723 s / it)
Averaged stats: lr: 0.0000  loss: 6.9766  loss_ita: 3.9609  loss_mlm: 3.0156
Computing features for evaluation...
Evaluation:  [0/9]  eta: 0:00:00    time: 0.0003  data: 0.0001  max mem: 15624
Evaluation:  [8/9]  eta: 0:00:00    time: 0.0001  data: 0.0000  max mem: 15624
Evaluation: Total time: 0:00:00 (0.0002 s / it)
Evaluation:  [0/9]  eta: 0:00:00    time: 0.0002  data: 0.0001  max mem: 15624
Evaluation:  [8/9]  eta: 0:00:00    time: 0.0001  data: 0.0000  max mem: 15624
Evaluation: Total time: 0:00:00 (0.0002 s / it)
Evaluation time 0:00:01
task0 tr/ir0.00/0.00, task1 tr/ir4.35/4.35
{'txt_r1': 4.166666666666667, 'txt_r5': 20.833333333333332, 'txt_r10': 45.833333333333336, 'txt_r_mean': 23.611111111111114, 'img_r1': 4.166666666666667, 'img_r5': 20.833333333333332, 'img_r10': 50.0, 'img_r_mean': 25.0, 'r_mean': 24.305555555555557}
4.17, 4.17, 4.17, 24.31
Train Epoch: [15]  [0/1]  eta: 0:00:03  lr: 0.000028  loss: 7.2081  loss_ita: 3.9143  loss_mlm: 3.2938  time: 3.9835  data: 2.0464  max mem: 15624
Train Epoch: [15] Total time: 0:00:04 (4.0829 s / it)
Averaged stats: lr: 0.0000  loss: 6.9599  loss_ita: 3.9145  loss_mlm: 3.0454
Computing features for evaluation...
Evaluation:  [0/9]  eta: 0:00:00    time: 0.0004  data: 0.0002  max mem: 15624
Evaluation:  [8/9]  eta: 0:00:00    time: 0.0001  data: 0.0000  max mem: 15624
Evaluation: Total time: 0:00:00 (0.0003 s / it)
Evaluation:  [0/9]  eta: 0:00:00    time: 0.0002  data: 0.0000  max mem: 15624
Evaluation:  [8/9]  eta: 0:00:00    time: 0.0001  data: 0.0000  max mem: 15624
Evaluation: Total time: 0:00:00 (0.0002 s / it)
Evaluation time 0:00:01
task0 tr/ir0.00/0.00, task1 tr/ir4.35/4.35
{'txt_r1': 4.166666666666667, 'txt_r5': 20.833333333333332, 'txt_r10': 41.666666666666664, 'txt_r_mean': 22.222222222222218, 'img_r1': 4.166666666666667, 'img_r5': 20.833333333333332, 'img_r10': 50.0, 'img_r_mean': 25.0, 'r_mean': 23.611111111111107}
4.17, 4.17, 4.17, 23.61
Train Epoch: [16]  [0/1]  eta: 0:00:03  lr: 0.000028  loss: 6.5108  loss_ita: 3.8994  loss_mlm: 2.6114  time: 3.8245  data: 1.6300  max mem: 15624
Train Epoch: [16] Total time: 0:00:03 (3.9122 s / it)
Averaged stats: lr: 0.0000  loss: 6.6978  loss_ita: 3.9061  loss_mlm: 2.7918
Computing features for evaluation...
Evaluation:  [0/9]  eta: 0:00:00    time: 0.0003  data: 0.0001  max mem: 15624
Evaluation:  [8/9]  eta: 0:00:00    time: 0.0001  data: 0.0000  max mem: 15624
Evaluation: Total time: 0:00:00 (0.0002 s / it)
Evaluation:  [0/9]  eta: 0:00:00    time: 0.0002  data: 0.0001  max mem: 15624
Evaluation:  [8/9]  eta: 0:00:00    time: 0.0001  data: 0.0000  max mem: 15624
Evaluation: Total time: 0:00:00 (0.0002 s / it)
Evaluation time 0:00:01
task0 tr/ir0.00/0.00, task1 tr/ir4.35/4.35
{'txt_r1': 4.166666666666667, 'txt_r5': 20.833333333333332, 'txt_r10': 50.0, 'txt_r_mean': 25.0, 'img_r1': 4.166666666666667, 'img_r5': 20.833333333333332, 'img_r10': 45.833333333333336, 'img_r_mean': 23.611111111111114, 'r_mean': 24.305555555555557}
4.17, 4.17, 4.17, 24.31
Train Epoch: [17]  [0/1]  eta: 0:00:03  lr: 0.000028  loss: 6.6747  loss_ita: 3.8998  loss_mlm: 2.7750  time: 3.9371  data: 1.8390  max mem: 15624
Train Epoch: [17] Total time: 0:00:04 (4.0105 s / it)
Averaged stats: lr: 0.0000  loss: 6.5814  loss_ita: 3.8505  loss_mlm: 2.7308
Computing features for evaluation...
Evaluation:  [0/9]  eta: 0:00:00    time: 0.0003  data: 0.0001  max mem: 15624
Evaluation:  [8/9]  eta: 0:00:00    time: 0.0001  data: 0.0000  max mem: 15624
Evaluation: Total time: 0:00:00 (0.0002 s / it)
Evaluation:  [0/9]  eta: 0:00:00    time: 0.0002  data: 0.0000  max mem: 15624
Evaluation:  [8/9]  eta: 0:00:00    time: 0.0001  data: 0.0000  max mem: 15624
Evaluation: Total time: 0:00:00 (0.0002 s / it)
Evaluation time 0:00:01
task0 tr/ir0.00/0.00, task1 tr/ir4.35/4.35
{'txt_r1': 4.166666666666667, 'txt_r5': 29.166666666666668, 'txt_r10': 45.833333333333336, 'txt_r_mean': 26.38888888888889, 'img_r1': 4.166666666666667, 'img_r5': 25.0, 'img_r10': 41.666666666666664, 'img_r_mean': 23.61111111111111, 'r_mean': 25.0}
4.17, 4.17, 4.17, 25.00
Train Epoch: [18]  [0/1]  eta: 0:00:03  lr: 0.000028  loss: 6.4016  loss_ita: 3.7114  loss_mlm: 2.6902  time: 3.8824  data: 1.7838  max mem: 15624
Train Epoch: [18] Total time: 0:00:03 (3.9918 s / it)
Averaged stats: lr: 0.0000  loss: 6.5708  loss_ita: 3.7895  loss_mlm: 2.7813
Computing features for evaluation...
Evaluation:  [0/9]  eta: 0:00:00    time: 0.0004  data: 0.0002  max mem: 15624
Evaluation:  [8/9]  eta: 0:00:00    time: 0.0001  data: 0.0000  max mem: 15624
Evaluation: Total time: 0:00:00 (0.0003 s / it)
Evaluation:  [0/9]  eta: 0:00:00    time: 0.0002  data: 0.0001  max mem: 15624
Evaluation:  [8/9]  eta: 0:00:00    time: 0.0001  data: 0.0000  max mem: 15624
Evaluation: Total time: 0:00:00 (0.0003 s / it)
Evaluation time 0:00:01
task0 tr/ir0.00/0.00, task1 tr/ir4.35/4.35
{'txt_r1': 4.166666666666667, 'txt_r5': 20.833333333333332, 'txt_r10': 45.833333333333336, 'txt_r_mean': 23.611111111111114, 'img_r1': 4.166666666666667, 'img_r5': 20.833333333333332, 'img_r10': 45.833333333333336, 'img_r_mean': 23.611111111111114, 'r_mean': 23.611111111111114}
4.17, 4.17, 4.17, 23.61
Train Epoch: [19]  [0/1]  eta: 0:00:03  lr: 0.000027  loss: 6.1843  loss_ita: 3.6690  loss_mlm: 2.5152  time: 3.9037  data: 1.7178  max mem: 15624
Train Epoch: [19] Total time: 0:00:03 (3.9909 s / it)
Averaged stats: lr: 0.0000  loss: 6.5612  loss_ita: 3.7143  loss_mlm: 2.8470
Computing features for evaluation...
Evaluation:  [0/9]  eta: 0:00:00    time: 0.0004  data: 0.0001  max mem: 15624
Evaluation:  [8/9]  eta: 0:00:00    time: 0.0001  data: 0.0000  max mem: 15624
Evaluation: Total time: 0:00:00 (0.0003 s / it)
Evaluation:  [0/9]  eta: 0:00:00    time: 0.0002  data: 0.0001  max mem: 15624
Evaluation:  [8/9]  eta: 0:00:00    time: 0.0001  data: 0.0000  max mem: 15624
Evaluation: Total time: 0:00:00 (0.0003 s / it)
Evaluation time 0:00:01
task0 tr/ir0.00/0.00, task1 tr/ir4.35/4.35
{'txt_r1': 4.166666666666667, 'txt_r5': 20.833333333333332, 'txt_r10': 50.0, 'txt_r_mean': 25.0, 'img_r1': 4.166666666666667, 'img_r5': 20.833333333333332, 'img_r10': 45.833333333333336, 'img_r_mean': 23.611111111111114, 'r_mean': 24.305555555555557}
4.17, 4.17, 4.17, 24.31
Train Epoch: [20]  [0/1]  eta: 0:00:03  lr: 0.000027  loss: 6.1931  loss_ita: 3.6423  loss_mlm: 2.5508  time: 3.8549  data: 1.6920  max mem: 15624
Train Epoch: [20] Total time: 0:00:03 (3.9427 s / it)
Averaged stats: lr: 0.0000  loss: 6.4631  loss_ita: 3.6741  loss_mlm: 2.7891
Computing features for evaluation...
Evaluation:  [0/9]  eta: 0:00:00    time: 0.0003  data: 0.0001  max mem: 15624
Evaluation:  [8/9]  eta: 0:00:00    time: 0.0001  data: 0.0000  max mem: 15624
Evaluation: Total time: 0:00:00 (0.0003 s / it)
Evaluation:  [0/9]  eta: 0:00:00    time: 0.0002  data: 0.0001  max mem: 15624
Evaluation:  [8/9]  eta: 0:00:00    time: 0.0001  data: 0.0000  max mem: 15624
Evaluation: Total time: 0:00:00 (0.0002 s / it)
Evaluation time 0:00:01
task0 tr/ir0.00/0.00, task1 tr/ir4.35/8.70
{'txt_r1': 4.166666666666667, 'txt_r5': 20.833333333333332, 'txt_r10': 45.833333333333336, 'txt_r_mean': 23.611111111111114, 'img_r1': 8.333333333333334, 'img_r5': 20.833333333333332, 'img_r10': 45.833333333333336, 'img_r_mean': 25.0, 'r_mean': 24.305555555555557}
4.17, 8.33, 6.25, 24.31
Train Epoch: [21]  [0/1]  eta: 0:00:03  lr: 0.000027  loss: 6.1784  loss_ita: 3.7158  loss_mlm: 2.4627  time: 3.8121  data: 1.6586  max mem: 15624
Train Epoch: [21] Total time: 0:00:03 (3.8953 s / it)
Averaged stats: lr: 0.0000  loss: 6.2927  loss_ita: 3.6099  loss_mlm: 2.6828
Computing features for evaluation...
Evaluation:  [0/9]  eta: 0:00:00    time: 0.0003  data: 0.0001  max mem: 15624
Evaluation:  [8/9]  eta: 0:00:00    time: 0.0001  data: 0.0000  max mem: 15624
Evaluation: Total time: 0:00:00 (0.0003 s / it)
Evaluation:  [0/9]  eta: 0:00:00    time: 0.0002  data: 0.0001  max mem: 15624
Evaluation:  [8/9]  eta: 0:00:00    time: 0.0001  data: 0.0000  max mem: 15624
Evaluation: Total time: 0:00:00 (0.0002 s / it)
Evaluation time 0:00:01
task0 tr/ir0.00/0.00, task1 tr/ir4.35/8.70
{'txt_r1': 4.166666666666667, 'txt_r5': 20.833333333333332, 'txt_r10': 45.833333333333336, 'txt_r_mean': 23.611111111111114, 'img_r1': 8.333333333333334, 'img_r5': 20.833333333333332, 'img_r10': 41.666666666666664, 'img_r_mean': 23.61111111111111, 'r_mean': 23.611111111111114}
4.17, 8.33, 6.25, 23.61
Train Epoch: [22]  [0/1]  eta: 0:00:03  lr: 0.000027  loss: 6.2258  loss_ita: 3.5033  loss_mlm: 2.7224  time: 3.7938  data: 1.8634  max mem: 15624
Train Epoch: [22] Total time: 0:00:03 (3.8902 s / it)
Averaged stats: lr: 0.0000  loss: 6.4208  loss_ita: 3.5442  loss_mlm: 2.8766
Computing features for evaluation...
Evaluation:  [0/9]  eta: 0:00:00    time: 0.0004  data: 0.0002  max mem: 15624
Evaluation:  [8/9]  eta: 0:00:00    time: 0.0001  data: 0.0000  max mem: 15624
Evaluation: Total time: 0:00:00 (0.0003 s / it)
Evaluation:  [0/9]  eta: 0:00:00    time: 0.0002  data: 0.0001  max mem: 15624
Evaluation:  [8/9]  eta: 0:00:00    time: 0.0001  data: 0.0000  max mem: 15624
Evaluation: Total time: 0:00:00 (0.0003 s / it)
Evaluation time 0:00:01
task0 tr/ir0.00/0.00, task1 tr/ir8.70/8.70
{'txt_r1': 8.333333333333334, 'txt_r5': 20.833333333333332, 'txt_r10': 50.0, 'txt_r_mean': 26.388888888888886, 'img_r1': 8.333333333333334, 'img_r5': 20.833333333333332, 'img_r10': 45.833333333333336, 'img_r_mean': 25.0, 'r_mean': 25.694444444444443}
8.33, 8.33, 8.33, 25.69
Train Epoch: [23]  [0/1]  eta: 0:00:04  lr: 0.000026  loss: 6.2405  loss_ita: 3.4402  loss_mlm: 2.8003  time: 4.0231  data: 2.0887  max mem: 15624
Train Epoch: [23] Total time: 0:00:04 (4.1151 s / it)
Averaged stats: lr: 0.0000  loss: 6.2031  loss_ita: 3.4496  loss_mlm: 2.7535
Computing features for evaluation...
Evaluation:  [0/9]  eta: 0:00:00    time: 0.0004  data: 0.0002  max mem: 15624
Evaluation:  [8/9]  eta: 0:00:00    time: 0.0001  data: 0.0000  max mem: 15624
Evaluation: Total time: 0:00:00 (0.0003 s / it)
Evaluation:  [0/9]  eta: 0:00:00    time: 0.0002  data: 0.0001  max mem: 15624
Evaluation:  [8/9]  eta: 0:00:00    time: 0.0001  data: 0.0000  max mem: 15624
Evaluation: Total time: 0:00:00 (0.0003 s / it)
Evaluation time 0:00:01
task0 tr/ir0.00/0.00, task1 tr/ir8.70/4.35
{'txt_r1': 8.333333333333334, 'txt_r5': 20.833333333333332, 'txt_r10': 50.0, 'txt_r_mean': 26.388888888888886, 'img_r1': 4.166666666666667, 'img_r5': 20.833333333333332, 'img_r10': 45.833333333333336, 'img_r_mean': 23.611111111111114, 'r_mean': 25.0}
8.33, 4.17, 6.25, 25.00
Train Epoch: [24]  [0/1]  eta: 0:00:03  lr: 0.000026  loss: 5.9940  loss_ita: 3.2991  loss_mlm: 2.6949  time: 3.7398  data: 1.6156  max mem: 15624
Train Epoch: [24] Total time: 0:00:03 (3.8356 s / it)
Averaged stats: lr: 0.0000  loss: 5.7654  loss_ita: 3.3447  loss_mlm: 2.4207
Computing features for evaluation...
Evaluation:  [0/9]  eta: 0:00:00    time: 0.0003  data: 0.0001  max mem: 15624
Evaluation:  [8/9]  eta: 0:00:00    time: 0.0001  data: 0.0000  max mem: 15624
Evaluation: Total time: 0:00:00 (0.0002 s / it)
Evaluation:  [0/9]  eta: 0:00:00    time: 0.0002  data: 0.0001  max mem: 15624
Evaluation:  [8/9]  eta: 0:00:00    time: 0.0001  data: 0.0000  max mem: 15624
Evaluation: Total time: 0:00:00 (0.0002 s / it)
Evaluation time 0:00:01
task0 tr/ir0.00/0.00, task1 tr/ir8.70/4.35
{'txt_r1': 8.333333333333334, 'txt_r5': 20.833333333333332, 'txt_r10': 50.0, 'txt_r_mean': 26.388888888888886, 'img_r1': 4.166666666666667, 'img_r5': 25.0, 'img_r10': 45.833333333333336, 'img_r_mean': 25.0, 'r_mean': 25.694444444444443}
8.33, 4.17, 6.25, 25.69
Train Epoch: [25]  [0/1]  eta: 0:00:03  lr: 0.000026  loss: 6.6402  loss_ita: 3.3516  loss_mlm: 3.2886  time: 3.9326  data: 1.8512  max mem: 15624
Train Epoch: [25] Total time: 0:00:04 (4.0261 s / it)
Averaged stats: lr: 0.0000  loss: 6.2212  loss_ita: 3.2800  loss_mlm: 2.9412
Computing features for evaluation...
Evaluation:  [0/9]  eta: 0:00:00    time: 0.0003  data: 0.0001  max mem: 15624
Evaluation:  [8/9]  eta: 0:00:00    time: 0.0001  data: 0.0000  max mem: 15624
Evaluation: Total time: 0:00:00 (0.0002 s / it)
Evaluation:  [0/9]  eta: 0:00:00    time: 0.0002  data: 0.0001  max mem: 15624
Evaluation:  [8/9]  eta: 0:00:00    time: 0.0001  data: 0.0000  max mem: 15624
Evaluation: Total time: 0:00:00 (0.0002 s / it)
Evaluation time 0:00:01
task0 tr/ir0.00/0.00, task1 tr/ir8.70/4.35
{'txt_r1': 8.333333333333334, 'txt_r5': 20.833333333333332, 'txt_r10': 50.0, 'txt_r_mean': 26.388888888888886, 'img_r1': 4.166666666666667, 'img_r5': 25.0, 'img_r10': 45.833333333333336, 'img_r_mean': 25.0, 'r_mean': 25.694444444444443}
8.33, 4.17, 6.25, 25.69
Train Epoch: [26]  [0/1]  eta: 0:00:03  lr: 0.000025  loss: 5.8140  loss_ita: 3.1102  loss_mlm: 2.7038  time: 3.6441  data: 1.6516  max mem: 15624
Train Epoch: [26] Total time: 0:00:03 (3.7351 s / it)
Averaged stats: lr: 0.0000  loss: 5.8367  loss_ita: 3.1896  loss_mlm: 2.6471
Computing features for evaluation...
Evaluation:  [0/9]  eta: 0:00:00    time: 0.0004  data: 0.0002  max mem: 15624
Evaluation:  [8/9]  eta: 0:00:00    time: 0.0001  data: 0.0000  max mem: 15624
Evaluation: Total time: 0:00:00 (0.0003 s / it)
Evaluation:  [0/9]  eta: 0:00:00    time: 0.0003  data: 0.0001  max mem: 15624
Evaluation:  [8/9]  eta: 0:00:00    time: 0.0001  data: 0.0000  max mem: 15624
Evaluation: Total time: 0:00:00 (0.0002 s / it)
Evaluation time 0:00:01
task0 tr/ir0.00/0.00, task1 tr/ir8.70/4.35
{'txt_r1': 8.333333333333334, 'txt_r5': 20.833333333333332, 'txt_r10': 50.0, 'txt_r_mean': 26.388888888888886, 'img_r1': 4.166666666666667, 'img_r5': 25.0, 'img_r10': 50.0, 'img_r_mean': 26.38888888888889, 'r_mean': 26.388888888888886}
8.33, 4.17, 6.25, 26.39
Train Epoch: [27]  [0/1]  eta: 0:00:03  lr: 0.000025  loss: 5.6943  loss_ita: 3.0557  loss_mlm: 2.6387  time: 3.9331  data: 2.0044  max mem: 15624
Train Epoch: [27] Total time: 0:00:04 (4.0160 s / it)
Averaged stats: lr: 0.0000  loss: 5.7672  loss_ita: 3.1311  loss_mlm: 2.6361
Computing features for evaluation...
Evaluation:  [0/9]  eta: 0:00:00    time: 0.0003  data: 0.0001  max mem: 15624
Evaluation:  [8/9]  eta: 0:00:00    time: 0.0001  data: 0.0000  max mem: 15624
Evaluation: Total time: 0:00:00 (0.0002 s / it)
Evaluation:  [0/9]  eta: 0:00:00    time: 0.0002  data: 0.0001  max mem: 15624
Evaluation:  [8/9]  eta: 0:00:00    time: 0.0001  data: 0.0000  max mem: 15624
Evaluation: Total time: 0:00:00 (0.0002 s / it)
Evaluation time 0:00:01
task0 tr/ir0.00/0.00, task1 tr/ir13.04/8.70
{'txt_r1': 12.5, 'txt_r5': 20.833333333333332, 'txt_r10': 50.0, 'txt_r_mean': 27.777777777777775, 'img_r1': 8.333333333333334, 'img_r5': 25.0, 'img_r10': 50.0, 'img_r_mean': 27.777777777777782, 'r_mean': 27.77777777777778}
12.50, 8.33, 10.42, 27.78
Train Epoch: [28]  [0/1]  eta: 0:00:03  lr: 0.000025  loss: 5.3396  loss_ita: 2.9985  loss_mlm: 2.3411  time: 3.8691  data: 1.9329  max mem: 15624
Train Epoch: [28] Total time: 0:00:03 (3.9595 s / it)
Averaged stats: lr: 0.0000  loss: 5.4839  loss_ita: 3.0182  loss_mlm: 2.4656
Computing features for evaluation...
Evaluation:  [0/9]  eta: 0:00:00    time: 0.0003  data: 0.0001  max mem: 15624
Evaluation:  [8/9]  eta: 0:00:00    time: 0.0001  data: 0.0000  max mem: 15624
Evaluation: Total time: 0:00:00 (0.0003 s / it)
Evaluation:  [0/9]  eta: 0:00:00    time: 0.0002  data: 0.0001  max mem: 15624
Evaluation:  [8/9]  eta: 0:00:00    time: 0.0001  data: 0.0000  max mem: 15624
Evaluation: Total time: 0:00:00 (0.0002 s / it)
Evaluation time 0:00:01
task0 tr/ir0.00/0.00, task1 tr/ir13.04/8.70
{'txt_r1': 12.5, 'txt_r5': 20.833333333333332, 'txt_r10': 41.666666666666664, 'txt_r_mean': 25.0, 'img_r1': 8.333333333333334, 'img_r5': 25.0, 'img_r10': 50.0, 'img_r_mean': 27.777777777777782, 'r_mean': 26.388888888888893}
12.50, 8.33, 10.42, 26.39
Train Epoch: [29]  [0/1]  eta: 0:00:03  lr: 0.000024  loss: 5.7770  loss_ita: 2.9203  loss_mlm: 2.8567  time: 3.8090  data: 1.7680  max mem: 15624
Train Epoch: [29] Total time: 0:00:03 (3.9005 s / it)
Averaged stats: lr: 0.0000  loss: 5.6451  loss_ita: 2.9419  loss_mlm: 2.7031
Computing features for evaluation...
Evaluation:  [0/9]  eta: 0:00:00    time: 0.0003  data: 0.0001  max mem: 15624
Evaluation:  [8/9]  eta: 0:00:00    time: 0.0001  data: 0.0000  max mem: 15624
Evaluation: Total time: 0:00:00 (0.0003 s / it)
Evaluation:  [0/9]  eta: 0:00:00    time: 0.0002  data: 0.0001  max mem: 15624
Evaluation:  [8/9]  eta: 0:00:00    time: 0.0001  data: 0.0000  max mem: 15624
Evaluation: Total time: 0:00:00 (0.0002 s / it)
Evaluation time 0:00:01
task0 tr/ir0.00/0.00, task1 tr/ir13.04/8.70
{'txt_r1': 12.5, 'txt_r5': 25.0, 'txt_r10': 45.833333333333336, 'txt_r_mean': 27.777777777777782, 'img_r1': 8.333333333333334, 'img_r5': 29.166666666666668, 'img_r10': 45.833333333333336, 'img_r_mean': 27.777777777777782, 'r_mean': 27.777777777777782}
12.50, 8.33, 10.42, 27.78
Train Epoch: [30]  [0/1]  eta: 0:00:03  lr: 0.000024  loss: 5.6915  loss_ita: 2.8920  loss_mlm: 2.7995  time: 3.9465  data: 2.0110  max mem: 15624
Train Epoch: [30] Total time: 0:00:04 (4.0458 s / it)
Averaged stats: lr: 0.0000  loss: 5.5095  loss_ita: 2.8228  loss_mlm: 2.6867
Computing features for evaluation...
Evaluation:  [0/9]  eta: 0:00:00    time: 0.0003  data: 0.0001  max mem: 15624
Evaluation:  [8/9]  eta: 0:00:00    time: 0.0001  data: 0.0000  max mem: 15624
Evaluation: Total time: 0:00:00 (0.0003 s / it)
Evaluation:  [0/9]  eta: 0:00:00    time: 0.0002  data: 0.0001  max mem: 15624
Evaluation:  [8/9]  eta: 0:00:00    time: 0.0001  data: 0.0000  max mem: 15624
Evaluation: Total time: 0:00:00 (0.0002 s / it)
Evaluation time 0:00:01
task0 tr/ir0.00/0.00, task1 tr/ir13.04/8.70
{'txt_r1': 12.5, 'txt_r5': 25.0, 'txt_r10': 41.666666666666664, 'txt_r_mean': 26.388888888888886, 'img_r1': 8.333333333333334, 'img_r5': 20.833333333333332, 'img_r10': 50.0, 'img_r_mean': 26.388888888888886, 'r_mean': 26.388888888888886}
12.50, 8.33, 10.42, 26.39
Train Epoch: [31]  [0/1]  eta: 0:00:04  lr: 0.000024  loss: 5.7052  loss_ita: 2.7705  loss_mlm: 2.9347  time: 4.0707  data: 1.6184  max mem: 15624
Train Epoch: [31] Total time: 0:00:04 (4.1586 s / it)
Averaged stats: lr: 0.0000  loss: 5.2613  loss_ita: 2.6915  loss_mlm: 2.5699
Computing features for evaluation...
Evaluation:  [0/9]  eta: 0:00:00    time: 0.0003  data: 0.0001  max mem: 15624
Evaluation:  [8/9]  eta: 0:00:00    time: 0.0001  data: 0.0000  max mem: 15624
Evaluation: Total time: 0:00:00 (0.0002 s / it)
Evaluation:  [0/9]  eta: 0:00:00    time: 0.0002  data: 0.0001  max mem: 15624
Evaluation:  [8/9]  eta: 0:00:00    time: 0.0001  data: 0.0000  max mem: 15624
Evaluation: Total time: 0:00:00 (0.0002 s / it)
Evaluation time 0:00:01
task0 tr/ir0.00/0.00, task1 tr/ir13.04/8.70
{'txt_r1': 12.5, 'txt_r5': 25.0, 'txt_r10': 45.833333333333336, 'txt_r_mean': 27.777777777777782, 'img_r1': 8.333333333333334, 'img_r5': 20.833333333333332, 'img_r10': 50.0, 'img_r_mean': 26.388888888888886, 'r_mean': 27.083333333333336}
12.50, 8.33, 10.42, 27.08
Train Epoch: [32]  [0/1]  eta: 0:00:03  lr: 0.000023  loss: 5.6515  loss_ita: 2.8828  loss_mlm: 2.7687  time: 3.9371  data: 1.5859  max mem: 15624
Train Epoch: [32] Total time: 0:00:04 (4.0163 s / it)
Averaged stats: lr: 0.0000  loss: 5.3801  loss_ita: 2.7393  loss_mlm: 2.6407
Computing features for evaluation...
Evaluation:  [0/9]  eta: 0:00:00    time: 0.0003  data: 0.0001  max mem: 15624
Evaluation:  [8/9]  eta: 0:00:00    time: 0.0001  data: 0.0000  max mem: 15624
Evaluation: Total time: 0:00:00 (0.0003 s / it)
Evaluation:  [0/9]  eta: 0:00:00    time: 0.0002  data: 0.0001  max mem: 15624
Evaluation:  [8/9]  eta: 0:00:00    time: 0.0001  data: 0.0000  max mem: 15624
Evaluation: Total time: 0:00:00 (0.0003 s / it)
Evaluation time 0:00:01
task0 tr/ir0.00/0.00, task1 tr/ir8.70/4.35
{'txt_r1': 8.333333333333334, 'txt_r5': 25.0, 'txt_r10': 50.0, 'txt_r_mean': 27.777777777777782, 'img_r1': 4.166666666666667, 'img_r5': 25.0, 'img_r10': 50.0, 'img_r_mean': 26.38888888888889, 'r_mean': 27.083333333333336}
8.33, 4.17, 6.25, 27.08
Train Epoch: [33]  [0/1]  eta: 0:00:03  lr: 0.000023  loss: 4.8627  loss_ita: 2.6720  loss_mlm: 2.1908  time: 3.8887  data: 1.5341  max mem: 15624
Train Epoch: [33] Total time: 0:00:03 (3.9960 s / it)
Averaged stats: lr: 0.0000  loss: 4.9576  loss_ita: 2.6106  loss_mlm: 2.3470
Computing features for evaluation...
Evaluation:  [0/9]  eta: 0:00:00    time: 0.0004  data: 0.0001  max mem: 15624
Evaluation:  [8/9]  eta: 0:00:00    time: 0.0001  data: 0.0000  max mem: 15624
Evaluation: Total time: 0:00:00 (0.0003 s / it)
Evaluation:  [0/9]  eta: 0:00:00    time: 0.0002  data: 0.0001  max mem: 15624
Evaluation:  [8/9]  eta: 0:00:00    time: 0.0001  data: 0.0000  max mem: 15624
Evaluation: Total time: 0:00:00 (0.0002 s / it)
Evaluation time 0:00:01
task0 tr/ir0.00/0.00, task1 tr/ir4.35/4.35
{'txt_r1': 4.166666666666667, 'txt_r5': 25.0, 'txt_r10': 54.166666666666664, 'txt_r_mean': 27.777777777777775, 'img_r1': 4.166666666666667, 'img_r5': 25.0, 'img_r10': 45.833333333333336, 'img_r_mean': 25.0, 'r_mean': 26.388888888888886}
4.17, 4.17, 4.17, 26.39
Train Epoch: [34]  [0/1]  eta: 0:00:03  lr: 0.000022  loss: 5.0439  loss_ita: 2.5791  loss_mlm: 2.4648  time: 3.8664  data: 1.8171  max mem: 15624
Train Epoch: [34] Total time: 0:00:03 (3.9612 s / it)
Averaged stats: lr: 0.0000  loss: 4.9508  loss_ita: 2.5174  loss_mlm: 2.4334
Computing features for evaluation...
Evaluation:  [0/9]  eta: 0:00:00    time: 0.0003  data: 0.0001  max mem: 15624
Evaluation:  [8/9]  eta: 0:00:00    time: 0.0001  data: 0.0000  max mem: 15624
Evaluation: Total time: 0:00:00 (0.0002 s / it)
Evaluation:  [0/9]  eta: 0:00:00    time: 0.0002  data: 0.0001  max mem: 15624
Evaluation:  [8/9]  eta: 0:00:00    time: 0.0001  data: 0.0000  max mem: 15624
Evaluation: Total time: 0:00:00 (0.0002 s / it)
Evaluation time 0:00:01
task0 tr/ir0.00/0.00, task1 tr/ir4.35/4.35
{'txt_r1': 4.166666666666667, 'txt_r5': 25.0, 'txt_r10': 54.166666666666664, 'txt_r_mean': 27.777777777777775, 'img_r1': 4.166666666666667, 'img_r5': 29.166666666666668, 'img_r10': 45.833333333333336, 'img_r_mean': 26.38888888888889, 'r_mean': 27.083333333333332}
4.17, 4.17, 4.17, 27.08
Train Epoch: [35]  [0/1]  eta: 0:00:03  lr: 0.000022  loss: 4.8708  loss_ita: 2.3424  loss_mlm: 2.5284  time: 3.7637  data: 1.8241  max mem: 15624
Train Epoch: [35] Total time: 0:00:03 (3.8653 s / it)
Averaged stats: lr: 0.0000  loss: 4.8329  loss_ita: 2.4160  loss_mlm: 2.4169
Computing features for evaluation...
Evaluation:  [0/9]  eta: 0:00:00    time: 0.0004  data: 0.0002  max mem: 15624
Evaluation:  [8/9]  eta: 0:00:00    time: 0.0001  data: 0.0000  max mem: 15624
Evaluation: Total time: 0:00:00 (0.0003 s / it)
Evaluation:  [0/9]  eta: 0:00:00    time: 0.0002  data: 0.0001  max mem: 15624
Evaluation:  [8/9]  eta: 0:00:00    time: 0.0001  data: 0.0000  max mem: 15624
Evaluation: Total time: 0:00:00 (0.0003 s / it)
Evaluation time 0:00:01
task0 tr/ir0.00/0.00, task1 tr/ir8.70/4.35
{'txt_r1': 8.333333333333334, 'txt_r5': 29.166666666666668, 'txt_r10': 50.0, 'txt_r_mean': 29.166666666666668, 'img_r1': 4.166666666666667, 'img_r5': 33.333333333333336, 'img_r10': 45.833333333333336, 'img_r_mean': 27.777777777777782, 'r_mean': 28.472222222222225}
8.33, 4.17, 6.25, 28.47
Train Epoch: [36]  [0/1]  eta: 0:00:03  lr: 0.000022  loss: 4.9078  loss_ita: 2.4031  loss_mlm: 2.5047  time: 3.8397  data: 1.9023  max mem: 15624
Train Epoch: [36] Total time: 0:00:03 (3.9403 s / it)
Averaged stats: lr: 0.0000  loss: 4.7526  loss_ita: 2.3364  loss_mlm: 2.4162
Computing features for evaluation...
Evaluation:  [0/9]  eta: 0:00:00    time: 0.0003  data: 0.0001  max mem: 15624
Evaluation:  [8/9]  eta: 0:00:00    time: 0.0001  data: 0.0000  max mem: 15624
Evaluation: Total time: 0:00:00 (0.0003 s / it)
Evaluation:  [0/9]  eta: 0:00:00    time: 0.0002  data: 0.0001  max mem: 15624
Evaluation:  [8/9]  eta: 0:00:00    time: 0.0001  data: 0.0000  max mem: 15624
Evaluation: Total time: 0:00:00 (0.0002 s / it)
Evaluation time 0:00:01
task0 tr/ir0.00/0.00, task1 tr/ir4.35/4.35
{'txt_r1': 4.166666666666667, 'txt_r5': 29.166666666666668, 'txt_r10': 45.833333333333336, 'txt_r_mean': 26.38888888888889, 'img_r1': 4.166666666666667, 'img_r5': 33.333333333333336, 'img_r10': 45.833333333333336, 'img_r_mean': 27.777777777777782, 'r_mean': 27.083333333333336}
4.17, 4.17, 4.17, 27.08
Train Epoch: [37]  [0/1]  eta: 0:00:03  lr: 0.000021  loss: 4.4974  loss_ita: 2.1762  loss_mlm: 2.3212  time: 3.9543  data: 1.7038  max mem: 15624
Train Epoch: [37] Total time: 0:00:04 (4.0425 s / it)
Averaged stats: lr: 0.0000  loss: 4.6579  loss_ita: 2.2013  loss_mlm: 2.4566
Computing features for evaluation...
Evaluation:  [0/9]  eta: 0:00:00    time: 0.0002  data: 0.0001  max mem: 15624
Evaluation:  [8/9]  eta: 0:00:00    time: 0.0001  data: 0.0000  max mem: 15624
Evaluation: Total time: 0:00:00 (0.0002 s / it)
Evaluation:  [0/9]  eta: 0:00:00    time: 0.0002  data: 0.0001  max mem: 15624
Evaluation:  [8/9]  eta: 0:00:00    time: 0.0001  data: 0.0000  max mem: 15624
Evaluation: Total time: 0:00:00 (0.0002 s / it)
Evaluation time 0:00:01
task0 tr/ir0.00/0.00, task1 tr/ir8.70/4.35
{'txt_r1': 8.333333333333334, 'txt_r5': 29.166666666666668, 'txt_r10': 45.833333333333336, 'txt_r_mean': 27.777777777777782, 'img_r1': 4.166666666666667, 'img_r5': 33.333333333333336, 'img_r10': 50.0, 'img_r_mean': 29.166666666666668, 'r_mean': 28.472222222222225}
8.33, 4.17, 6.25, 28.47
Train Epoch: [38]  [0/1]  eta: 0:00:03  lr: 0.000021  loss: 5.0471  loss_ita: 2.1797  loss_mlm: 2.8674  time: 3.8346  data: 1.8919  max mem: 15624
Train Epoch: [38] Total time: 0:00:03 (3.9286 s / it)
Averaged stats: lr: 0.0000  loss: 4.8184  loss_ita: 2.1822  loss_mlm: 2.6362
Computing features for evaluation...
Evaluation:  [0/9]  eta: 0:00:00    time: 0.0003  data: 0.0001  max mem: 15624
Evaluation:  [8/9]  eta: 0:00:00    time: 0.0001  data: 0.0000  max mem: 15624
Evaluation: Total time: 0:00:00 (0.0002 s / it)
Evaluation:  [0/9]  eta: 0:00:00    time: 0.0002  data: 0.0000  max mem: 15624
Evaluation:  [8/9]  eta: 0:00:00    time: 0.0001  data: 0.0000  max mem: 15624
Evaluation: Total time: 0:00:00 (0.0002 s / it)
Evaluation time 0:00:01
task0 tr/ir0.00/0.00, task1 tr/ir8.70/4.35
{'txt_r1': 8.333333333333334, 'txt_r5': 29.166666666666668, 'txt_r10': 45.833333333333336, 'txt_r_mean': 27.777777777777782, 'img_r1': 4.166666666666667, 'img_r5': 37.5, 'img_r10': 54.166666666666664, 'img_r_mean': 31.944444444444443, 'r_mean': 29.861111111111114}
8.33, 4.17, 6.25, 29.86
Train Epoch: [39]  [0/1]  eta: 0:00:03  lr: 0.000020  loss: 4.4783  loss_ita: 2.0959  loss_mlm: 2.3824  time: 3.9788  data: 2.0395  max mem: 15624
Train Epoch: [39] Total time: 0:00:04 (4.0735 s / it)
Averaged stats: lr: 0.0000  loss: 4.4121  loss_ita: 2.0647  loss_mlm: 2.3475
Computing features for evaluation...
Evaluation:  [0/9]  eta: 0:00:00    time: 0.0003  data: 0.0001  max mem: 15624
Evaluation:  [8/9]  eta: 0:00:00    time: 0.0001  data: 0.0000  max mem: 15624
Evaluation: Total time: 0:00:00 (0.0002 s / it)
Evaluation:  [0/9]  eta: 0:00:00    time: 0.0002  data: 0.0001  max mem: 15624
Evaluation:  [8/9]  eta: 0:00:00    time: 0.0001  data: 0.0000  max mem: 15624
Evaluation: Total time: 0:00:00 (0.0002 s / it)
Evaluation time 0:00:01
task0 tr/ir0.00/0.00, task1 tr/ir8.70/4.35
{'txt_r1': 8.333333333333334, 'txt_r5': 29.166666666666668, 'txt_r10': 50.0, 'txt_r_mean': 29.166666666666668, 'img_r1': 4.166666666666667, 'img_r5': 37.5, 'img_r10': 50.0, 'img_r_mean': 30.555555555555554, 'r_mean': 29.86111111111111}
8.33, 4.17, 6.25, 29.86
Train Epoch: [40]  [0/1]  eta: 0:00:03  lr: 0.000020  loss: 4.3662  loss_ita: 2.0016  loss_mlm: 2.3646  time: 3.9420  data: 1.9625  max mem: 15624
Train Epoch: [40] Total time: 0:00:04 (4.0529 s / it)
Averaged stats: lr: 0.0000  loss: 4.2673  loss_ita: 2.0007  loss_mlm: 2.2666
Computing features for evaluation...
Evaluation:  [0/9]  eta: 0:00:00    time: 0.0003  data: 0.0001  max mem: 15624
Evaluation:  [8/9]  eta: 0:00:00    time: 0.0001  data: 0.0000  max mem: 15624
Evaluation: Total time: 0:00:00 (0.0003 s / it)
Evaluation:  [0/9]  eta: 0:00:00    time: 0.0003  data: 0.0001  max mem: 15624
Evaluation:  [8/9]  eta: 0:00:00    time: 0.0001  data: 0.0000  max mem: 15624
Evaluation: Total time: 0:00:00 (0.0003 s / it)
Evaluation time 0:00:01
task0 tr/ir0.00/0.00, task1 tr/ir8.70/4.35
{'txt_r1': 8.333333333333334, 'txt_r5': 33.333333333333336, 'txt_r10': 50.0, 'txt_r_mean': 30.555555555555557, 'img_r1': 4.166666666666667, 'img_r5': 33.333333333333336, 'img_r10': 45.833333333333336, 'img_r_mean': 27.777777777777782, 'r_mean': 29.16666666666667}
8.33, 4.17, 6.25, 29.17
Train Epoch: [41]  [0/1]  eta: 0:00:04  lr: 0.000020  loss: 4.2350  loss_ita: 1.8364  loss_mlm: 2.3986  time: 4.0262  data: 1.6166  max mem: 15624
Train Epoch: [41] Total time: 0:00:04 (4.1122 s / it)
Averaged stats: lr: 0.0000  loss: 4.3006  loss_ita: 1.8694  loss_mlm: 2.4311
Computing features for evaluation...
Evaluation:  [0/9]  eta: 0:00:00    time: 0.0003  data: 0.0001  max mem: 15624
Evaluation:  [8/9]  eta: 0:00:00    time: 0.0001  data: 0.0000  max mem: 15624
Evaluation: Total time: 0:00:00 (0.0002 s / it)
Evaluation:  [0/9]  eta: 0:00:00    time: 0.0002  data: 0.0000  max mem: 15624
Evaluation:  [8/9]  eta: 0:00:00    time: 0.0001  data: 0.0000  max mem: 15624
Evaluation: Total time: 0:00:00 (0.0002 s / it)
Evaluation time 0:00:01
task0 tr/ir0.00/0.00, task1 tr/ir17.39/4.35
{'txt_r1': 16.666666666666668, 'txt_r5': 33.333333333333336, 'txt_r10': 50.0, 'txt_r_mean': 33.333333333333336, 'img_r1': 4.166666666666667, 'img_r5': 33.333333333333336, 'img_r10': 45.833333333333336, 'img_r_mean': 27.777777777777782, 'r_mean': 30.555555555555557}
16.67, 4.17, 10.42, 30.56
Train Epoch: [42]  [0/1]  eta: 0:00:03  lr: 0.000019  loss: 4.3051  loss_ita: 1.7710  loss_mlm: 2.5341  time: 3.9102  data: 1.9719  max mem: 15624
Train Epoch: [42] Total time: 0:00:04 (4.0165 s / it)
Averaged stats: lr: 0.0000  loss: 4.0376  loss_ita: 1.7867  loss_mlm: 2.2510
Computing features for evaluation...
Evaluation:  [0/9]  eta: 0:00:00    time: 0.0003  data: 0.0001  max mem: 15624
Evaluation:  [8/9]  eta: 0:00:00    time: 0.0001  data: 0.0000  max mem: 15624
Evaluation: Total time: 0:00:00 (0.0003 s / it)
Evaluation:  [0/9]  eta: 0:00:00    time: 0.0002  data: 0.0001  max mem: 15624
Evaluation:  [8/9]  eta: 0:00:00    time: 0.0001  data: 0.0000  max mem: 15624
Evaluation: Total time: 0:00:00 (0.0002 s / it)
Evaluation time 0:00:01
task0 tr/ir0.00/0.00, task1 tr/ir17.39/4.35
{'txt_r1': 16.666666666666668, 'txt_r5': 33.333333333333336, 'txt_r10': 50.0, 'txt_r_mean': 33.333333333333336, 'img_r1': 4.166666666666667, 'img_r5': 33.333333333333336, 'img_r10': 45.833333333333336, 'img_r_mean': 27.777777777777782, 'r_mean': 30.555555555555557}
16.67, 4.17, 10.42, 30.56
Train Epoch: [43]  [0/1]  eta: 0:00:04  lr: 0.000019  loss: 4.1297  loss_ita: 1.6659  loss_mlm: 2.4638  time: 4.0561  data: 1.5978  max mem: 15624
Train Epoch: [43] Total time: 0:00:04 (4.1514 s / it)
Averaged stats: lr: 0.0000  loss: 4.2470  loss_ita: 1.7787  loss_mlm: 2.4683
Computing features for evaluation...
Evaluation:  [0/9]  eta: 0:00:00    time: 0.0002  data: 0.0001  max mem: 15624
Evaluation:  [8/9]  eta: 0:00:00    time: 0.0001  data: 0.0000  max mem: 15624
Evaluation: Total time: 0:00:00 (0.0002 s / it)
Evaluation:  [0/9]  eta: 0:00:00    time: 0.0002  data: 0.0001  max mem: 15624
Evaluation:  [8/9]  eta: 0:00:00    time: 0.0001  data: 0.0000  max mem: 15624
Evaluation: Total time: 0:00:00 (0.0002 s / it)
Evaluation time 0:00:01
task0 tr/ir0.00/0.00, task1 tr/ir17.39/4.35
{'txt_r1': 16.666666666666668, 'txt_r5': 33.333333333333336, 'txt_r10': 50.0, 'txt_r_mean': 33.333333333333336, 'img_r1': 4.166666666666667, 'img_r5': 33.333333333333336, 'img_r10': 50.0, 'img_r_mean': 29.166666666666668, 'r_mean': 31.25}
16.67, 4.17, 10.42, 31.25
Train Epoch: [44]  [0/1]  eta: 0:00:03  lr: 0.000018  loss: 3.7255  loss_ita: 1.6877  loss_mlm: 2.0378  time: 3.9109  data: 1.5919  max mem: 15624
Train Epoch: [44] Total time: 0:00:04 (4.0014 s / it)
Averaged stats: lr: 0.0000  loss: 4.1654  loss_ita: 1.6700  loss_mlm: 2.4955
Computing features for evaluation...
Evaluation:  [0/9]  eta: 0:00:00    time: 0.0003  data: 0.0001  max mem: 15624
Evaluation:  [8/9]  eta: 0:00:00    time: 0.0001  data: 0.0000  max mem: 15624
Evaluation: Total time: 0:00:00 (0.0002 s / it)
Evaluation:  [0/9]  eta: 0:00:00    time: 0.0002  data: 0.0001  max mem: 15624
Evaluation:  [8/9]  eta: 0:00:00    time: 0.0001  data: 0.0000  max mem: 15624
Evaluation: Total time: 0:00:00 (0.0002 s / it)
Evaluation time 0:00:01
task0 tr/ir0.00/0.00, task1 tr/ir17.39/4.35
{'txt_r1': 16.666666666666668, 'txt_r5': 33.333333333333336, 'txt_r10': 45.833333333333336, 'txt_r_mean': 31.944444444444446, 'img_r1': 4.166666666666667, 'img_r5': 33.333333333333336, 'img_r10': 50.0, 'img_r_mean': 29.166666666666668, 'r_mean': 30.555555555555557}
16.67, 4.17, 10.42, 30.56
Train Epoch: [45]  [0/1]  eta: 0:00:03  lr: 0.000018  loss: 3.9084  loss_ita: 1.5329  loss_mlm: 2.3755  time: 3.8518  data: 1.9122  max mem: 15624
Train Epoch: [45] Total time: 0:00:03 (3.9457 s / it)
Averaged stats: lr: 0.0000  loss: 3.8524  loss_ita: 1.5725  loss_mlm: 2.2799
Computing features for evaluation...
Evaluation:  [0/9]  eta: 0:00:00    time: 0.0003  data: 0.0001  max mem: 15624
Evaluation:  [8/9]  eta: 0:00:00    time: 0.0001  data: 0.0000  max mem: 15624
Evaluation: Total time: 0:00:00 (0.0002 s / it)
Evaluation:  [0/9]  eta: 0:00:00    time: 0.0002  data: 0.0001  max mem: 15624
Evaluation:  [8/9]  eta: 0:00:00    time: 0.0001  data: 0.0000  max mem: 15624
Evaluation: Total time: 0:00:00 (0.0002 s / it)
Evaluation time 0:00:01
task0 tr/ir0.00/0.00, task1 tr/ir17.39/4.35
{'txt_r1': 16.666666666666668, 'txt_r5': 33.333333333333336, 'txt_r10': 45.833333333333336, 'txt_r_mean': 31.944444444444446, 'img_r1': 4.166666666666667, 'img_r5': 33.333333333333336, 'img_r10': 50.0, 'img_r_mean': 29.166666666666668, 'r_mean': 30.555555555555557}
16.67, 4.17, 10.42, 30.56
Train Epoch: [46]  [0/1]  eta: 0:00:03  lr: 0.000017  loss: 3.7261  loss_ita: 1.4968  loss_mlm: 2.2292  time: 3.9923  data: 1.9333  max mem: 15624
Train Epoch: [46] Total time: 0:00:04 (4.0724 s / it)
Averaged stats: lr: 0.0000  loss: 3.6358  loss_ita: 1.4720  loss_mlm: 2.1638
Computing features for evaluation...
Evaluation:  [0/9]  eta: 0:00:00    time: 0.0003  data: 0.0001  max mem: 15624
Evaluation:  [8/9]  eta: 0:00:00    time: 0.0001  data: 0.0000  max mem: 15624
Evaluation: Total time: 0:00:00 (0.0003 s / it)
Evaluation:  [0/9]  eta: 0:00:00    time: 0.0002  data: 0.0001  max mem: 15624
Evaluation:  [8/9]  eta: 0:00:00    time: 0.0001  data: 0.0000  max mem: 15624
Evaluation: Total time: 0:00:00 (0.0002 s / it)
Evaluation time 0:00:01
task0 tr/ir0.00/0.00, task1 tr/ir17.39/4.35
{'txt_r1': 16.666666666666668, 'txt_r5': 33.333333333333336, 'txt_r10': 45.833333333333336, 'txt_r_mean': 31.944444444444446, 'img_r1': 4.166666666666667, 'img_r5': 33.333333333333336, 'img_r10': 50.0, 'img_r_mean': 29.166666666666668, 'r_mean': 30.555555555555557}
16.67, 4.17, 10.42, 30.56
Train Epoch: [47]  [0/1]  eta: 0:00:03  lr: 0.000017  loss: 3.4064  loss_ita: 1.4101  loss_mlm: 1.9963  time: 3.9230  data: 1.6031  max mem: 15624
Train Epoch: [47] Total time: 0:00:04 (4.0087 s / it)
Averaged stats: lr: 0.0000  loss: 3.7184  loss_ita: 1.4900  loss_mlm: 2.2284
Computing features for evaluation...
